      a          H  rho/3H^2 -1   P_f/E_f    K_f/E_f    G_f/E_f                       mean_fields                       rms_fields
   1.00000  0.743E-09 -0.111E-15   1.00      0.100E-09  0.695E-22  0.354E-02 -0.290E-27 -0.309E-27  0.968E-14  0.148E-11  0.149E-11
   1.00000  0.743E-09 -0.111E-15   1.00      0.100E-09  0.112E-21  0.354E-02 -0.253E-28 -0.624E-28  0.157E-13  0.188E-11  0.189E-11
   1.00000  0.743E-09 -0.111E-15   1.00      0.100E-09  0.343E-21  0.354E-02 -0.719E-27 -0.120E-27  0.990E-14  0.330E-11  0.332E-11
   1.00000  0.743E-09 -0.111E-15   1.00      0.100E-09  0.135E-20  0.353E-02 -0.116E-26  0.564E-27  0.154E-13  0.656E-11  0.660E-11
   1.00000  0.743E-09 -0.111E-15   1.00      0.100E-09  0.581E-20  0.353E-02 -0.137E-25  0.140E-25  0.101E-13  0.137E-10  0.137E-10
   1.00000  0.743E-09 -0.111E-15   1.00      0.100E-09  0.260E-19  0.353E-02 -0.104E-24  0.105E-24  0.152E-13  0.290E-10  0.292E-10
   1.00000  0.743E-09 -0.111E-15   1.00      0.100E-09  0.120E-18  0.353E-02 -0.839E-24  0.843E-24  0.104E-13  0.626E-10  0.629E-10
   1.00000  0.743E-09 -0.111E-15   1.00      0.100E-09  0.572E-18  0.353E-02 -0.764E-23  0.741E-23  0.147E-13  0.137E-09  0.138E-09
   1.00000  0.743E-09   0.00       1.00      0.100E-09  0.279E-17  0.353E-02 -0.757E-22  0.716E-22  0.126E-13  0.304E-09  0.305E-09
   1.00000  0.743E-09  0.222E-15   1.00      0.100E-09  0.140E-16  0.353E-02 -0.786E-21  0.741E-21  0.284E-13  0.682E-09  0.686E-09
   1.00000  0.743E-09  0.244E-14   1.00      0.100E-09  0.720E-16  0.353E-02 -0.852E-20  0.803E-20  0.130E-12  0.155E-08  0.156E-08
   1.00000  0.743E-09  0.933E-14   1.00      0.100E-09  0.380E-15  0.353E-02 -0.963E-19  0.908E-19  0.664E-12  0.358E-08  0.360E-08
   1.00000  0.743E-09  0.184E-13   1.00      0.100E-09  0.205E-14  0.353E-02 -0.113E-17  0.107E-17  0.350E-11  0.835E-08  0.839E-08
   1.00000  0.743E-09  0.220E-13   1.00      0.100E-09  0.114E-13  0.353E-02 -0.139E-16  0.131E-16  0.190E-10  0.197E-07  0.198E-07
   1.00000  0.743E-09  0.577E-14   1.00      0.103E-09  0.647E-13  0.353E-02 -0.176E-15  0.166E-15  0.105E-09  0.472E-07  0.474E-07
   1.00000  0.743E-09  0.222E-15   1.00      0.116E-09  0.377E-12  0.353E-02 -0.233E-14  0.219E-14  0.598E-09  0.114E-06  0.115E-06
   1.00000  0.743E-09 -0.333E-15   1.00      0.201E-09  0.224E-11  0.353E-02 -0.319E-13  0.300E-13  0.349E-08  0.279E-06  0.281E-06
   1.00000  0.743E-09 -0.777E-15   1.00      0.735E-09  0.137E-10  0.353E-02 -0.455E-12  0.426E-12  0.208E-07  0.693E-06  0.696E-06
   1.00000  0.743E-09 -0.433E-14   1.00      0.429E-08  0.861E-10  0.353E-02 -0.675E-11  0.624E-11  0.128E-06  0.174E-05  0.175E-05
   1.00000  0.743E-09 -0.154E-12   1.00      0.323E-07  0.576E-09  0.353E-02 -0.107E-09  0.932E-10  0.815E-06  0.450E-05  0.449E-05
   1.00000  0.743E-09 -0.328E-09   1.00      0.599E-06  0.524E-08  0.353E-02 -0.232E-08  0.114E-08  0.600E-05  0.134E-04  0.126E-04
   1.00000  0.743E-09        NaN        NaN        NaN        NaN        NaN        NaN        NaN        NaN        NaN        NaN
   1.00000  0.743E-09        NaN        NaN        NaN        NaN        NaN        NaN        NaN        NaN        NaN        NaN
   1.00000  0.743E-09        NaN        NaN        NaN        NaN        NaN        NaN        NaN        NaN        NaN        NaN
   1.00000  0.743E-09        NaN        NaN        NaN        NaN        NaN        NaN        NaN        NaN        NaN        NaN
   1.00000  0.743E-09        NaN        NaN        NaN        NaN        NaN        NaN        NaN        NaN        NaN        NaN
   1.00000  0.743E-09        NaN        NaN        NaN        NaN        NaN        NaN        NaN        NaN        NaN        NaN
   1.00000  0.743E-09        NaN        NaN        NaN        NaN        NaN        NaN        NaN        NaN        NaN        NaN
   1.00000  0.743E-09        NaN        NaN        NaN        NaN        NaN        NaN        NaN        NaN        NaN        NaN
   1.00000  0.743E-09        NaN        NaN        NaN        NaN        NaN        NaN        NaN        NaN        NaN        NaN
   1.00000  0.743E-09        NaN        NaN        NaN        NaN        NaN        NaN        NaN        NaN        NaN        NaN
   1.00000  0.743E-09        NaN        NaN        NaN        NaN        NaN        NaN        NaN        NaN        NaN        NaN
   1.00000  0.743E-09        NaN        NaN        NaN        NaN        NaN        NaN        NaN        NaN        NaN        NaN
   1.00000  0.743E-09        NaN        NaN        NaN        NaN        NaN        NaN        NaN        NaN        NaN        NaN
   1.00000  0.743E-09        NaN        NaN        NaN        NaN        NaN        NaN        NaN        NaN        NaN        NaN
   1.00000  0.743E-09        NaN        NaN        NaN        NaN        NaN        NaN        NaN        NaN        NaN        NaN
   1.00000  0.743E-09        NaN        NaN        NaN        NaN        NaN        NaN        NaN        NaN        NaN        NaN
   1.00000  0.743E-09        NaN        NaN        NaN        NaN        NaN        NaN        NaN        NaN        NaN        NaN
   1.00000  0.743E-09        NaN        NaN        NaN        NaN        NaN        NaN        NaN        NaN        NaN        NaN
   1.00000  0.743E-09        NaN        NaN        NaN        NaN        NaN        NaN        NaN        NaN        NaN        NaN
   1.00000  0.743E-09        NaN        NaN        NaN        NaN        NaN        NaN        NaN        NaN        NaN        NaN
   1.00000  0.743E-09        NaN        NaN        NaN        NaN        NaN        NaN        NaN        NaN        NaN        NaN
   1.00000  0.743E-09        NaN        NaN        NaN        NaN        NaN        NaN        NaN        NaN        NaN        NaN
   1.00000  0.743E-09        NaN        NaN        NaN        NaN        NaN        NaN        NaN        NaN        NaN        NaN
   1.00000  0.743E-09        NaN        NaN        NaN        NaN        NaN        NaN        NaN        NaN        NaN        NaN
   1.00000  0.743E-09        NaN        NaN        NaN        NaN        NaN        NaN        NaN        NaN        NaN        NaN
   1.00000  0.743E-09        NaN        NaN        NaN        NaN        NaN        NaN        NaN        NaN        NaN        NaN
   1.00000  0.743E-09        NaN        NaN        NaN        NaN        NaN        NaN        NaN        NaN        NaN        NaN
